<?xml version="1.0" encoding="UTF-8"?>
<!-- Generated by org.testng.reporters.JUnitXMLReporter -->
<testsuite ignored="0" hostname="CHE-CK8S8Y2" failures="0" tests="4" name="Medalogix_Regression" time="69.127" errors="0" timestamp="2020-07-06T08:50:45 IST">
  <testcase classname="testScripts.TestCase1" name="verifyPatientRecord" time="8.577"/>
  <testcase classname="testScripts.TestCase2" name="verifyPageScroll" time="8.057"/>
  <testcase classname="testScripts.TestCase3" name="verifyRecommendationReason" time="8.26"/>
  <testcase classname="testScripts.TestCase4" name="verifyUpdatedPatientRecord" time="17.183"/>
</testsuite> <!-- Medalogix_Regression -->
