<?xml version="1.0" encoding="UTF-8"?>
<!-- Generated by org.testng.reporters.JUnitXMLReporter -->
<testsuite ignored="0" hostname="CHE-CK8S8Y2" failures="1" tests="1" name="Sample" time="9.474" errors="0" timestamp="2020-07-02T15:39:50 IST">
  <testcase classname="testScripts.TestCase1" name="Login" time="1.301">
    <failure type="java.lang.AssertionError" message="expected [true] but found [false]">
        <![CDATA[java.lang.AssertionError: expected [true] but found [false]
at testScripts.TestCase1.Login(TestCase1.java:28)
at java.base/java.util.ArrayList.forEach(ArrayList.java:1510)
at com.intellij.rt.testng.IDEARemoteTestNG.run(IDEARemoteTestNG.java:66)
at com.intellij.rt.testng.RemoteTestNGStarter.main(RemoteTestNGStarter.java:110)
... Removed 28 stack frames]]>
    </failure>
  </testcase> <!-- Login -->
</testsuite> <!-- Sample -->
