<?xml version="1.0" encoding="UTF-8"?>
<!-- Generated by org.testng.reporters.JUnitXMLReporter -->
<testsuite ignored="0" hostname="CHE-CK8S8Y2" failures="0" tests="4" name="Medalogix Automation Report" time="83.927" errors="0" timestamp="2020-07-08T00:59:17 IST">
  <testcase classname="testScripts.TestCase1" name="verifyPatientRecord" time="9.831"/>
  <testcase classname="testScripts.TestCase2" name="verifyPageScroll" time="10.456"/>
  <testcase classname="testScripts.TestCase3" name="verifyRecommendationReason" time="10.121"/>
  <testcase classname="testScripts.TestCase4" name="verifyUpdatedPatientRecord" time="20.246"/>
</testsuite> <!-- Medalogix Automation Report -->
