<?xml version="1.0" encoding="UTF-8"?>
<!-- Generated by org.testng.reporters.JUnitXMLReporter -->
<testsuite hostname="CHE-CK8S8Y2" ignored="0" name="Command line test" tests="1" failures="0" timestamp="2020-07-07T15:53:27 IST" time="0.03" errors="0">
  <testcase name="@BeforeMethod beforeTest" time="0.008" classname="testScripts.TestCase1">
    <failure type="java.io.FileNotFoundException" message="src\test\resources\Config.properties (The system cannot find the path specified)">
      <![CDATA[java.io.FileNotFoundException: src\test\resources\Config.properties (The system cannot find the path specified)
at java.io.FileInputStream.open0(Native Method)
at java.io.FileInputStream.open(Unknown Source)
at java.io.FileInputStream.<init>(Unknown Source)
at commonMethods.CommonClass.getProperty(CommonClass.java:53)
at commonMethods.CommonClass.startbrowser(CommonClass.java:70)
at testScripts.TestCase1.beforeTest(TestCase1.java:25)
at java.util.ArrayList.forEach(Unknown Source)
at testScripts.TestRunner.main(TestRunner.java:16)
... Removed 28 stack frames]]>
    </failure>
  </testcase> <!-- @BeforeMethod beforeTest -->
  <testcase name="@AfterMethod afterTest" time="-1.594117407671E9" classname="testScripts.TestCase1">
    <skipped/>
  </testcase> <!-- @AfterMethod afterTest -->
  <testcase name="verifyPatientRecord" time="0.0" classname="testScripts.TestCase1">
    <skipped/>
  </testcase> <!-- verifyPatientRecord -->
</testsuite> <!-- Command line test -->
