<?xml version="1.0" encoding="UTF-8"?>
<!-- Generated by org.testng.reporters.JUnitXMLReporter -->
<testsuite ignored="0" hostname="CHE-CK8S8Y2" failures="0" tests="4" name="Medalogix Automation Report" time="72.999" errors="0" timestamp="2020-07-07T16:22:15 IST">
  <testcase classname="testScripts.TestCase1" name="verifyPatientRecord" time="8.309"/>
  <testcase classname="testScripts.TestCase2" name="verifyPageScroll" time="9.154"/>
  <testcase classname="testScripts.TestCase3" name="verifyRecommendationReason" time="8.324"/>
  <testcase classname="testScripts.TestCase4" name="verifyUpdatedPatientRecord" time="20.564"/>
</testsuite> <!-- Medalogix Automation Report -->
